
0    [main] INFO  com.opensymphony.xwork2.config.providers.XmlConfigurationProvider  - Parsing configuration file [struts-default.xml]
98   [main] INFO  com.opensymphony.xwork2.config.providers.XmlConfigurationProvider  - Parsing configuration file [struts-plugin.xml]
113  [main] INFO  com.opensymphony.xwork2.config.providers.XmlConfigurationProvider  - Parsing configuration file [struts.xml]
116  [main] WARN  org.apache.struts2.config.Settings  - Settings: Could not parse struts.locale setting, substituting default VM locale
119  [main] INFO  com.opensymphony.xwork2.config.impl.DefaultConfiguration  - Overriding property struts.i18n.reload - old value: false new value: true
119  [main] INFO  com.opensymphony.xwork2.config.impl.DefaultConfiguration  - Overriding property struts.configuration.xml.reload - old value: false new value: true
122  [main] INFO  org.apache.struts2.config.BeanSelectionProvider  - Loading global messages from global
185  [main] INFO  com.opensymphony.xwork2.util.ObjectTypeDeterminerFactory  - Detected GenericsObjectTypeDeterminer, initializing it...
9553 [http-8181-1] ERROR com.opensymphony.xwork2.interceptor.ParametersInterceptor  - ParametersInterceptor - [setParameters]: Unexpected Exception catched: Error setting expression 'param' with value '[Ljava.lang.String;@1efc208'
9570 [http-8181-1] INFO  com.opensymphony.xwork2.validator.ActionValidatorManagerFactory  - Detected AnnotationActionValidatorManager, initializing it...
9847 [http-8181-1] INFO  org.hibernate.cfg.Environment  - Hibernate 3.3.2.GA
9850 [http-8181-1] INFO  org.hibernate.cfg.Environment  - hibernate.properties not found
9856 [http-8181-1] INFO  org.hibernate.cfg.Environment  - Bytecode provider name : javassist
9865 [http-8181-1] INFO  org.hibernate.cfg.Environment  - using JDK 1.4 java.sql.Timestamp handling
10085 [http-8181-1] INFO  org.hibernate.cfg.Configuration  - configuring from resource: /hibernate.cfg.xml
10085 [http-8181-1] INFO  org.hibernate.cfg.Configuration  - Configuration resource: /hibernate.cfg.xml
10194 [http-8181-1] INFO  org.hibernate.cfg.Configuration  - Reading mappings from resource : Tablemapping/Tablemapping.hbm.xml
10447 [http-8181-1] INFO  org.hibernate.cfg.HbmBinder  - Mapping class: com.login.LoginForm -> distributor_login_details
10491 [http-8181-1] INFO  org.hibernate.cfg.HbmBinder  - Mapping class: com.disttributordetails.DistributorDetailForm -> distributor_details
10499 [http-8181-1] INFO  org.hibernate.cfg.HbmBinder  - Mapping class: com.paneldetails.PanelDetailForm -> white_label_details
10504 [http-8181-1] INFO  org.hibernate.cfg.HbmBinder  - Mapping class: com.dsamount.DistributorAmountForm -> distributor_amount
10509 [http-8181-1] INFO  org.hibernate.cfg.HbmBinder  - Mapping class: com.mdsdetail.MdsDetailsForm -> md_details
10513 [http-8181-1] INFO  org.hibernate.cfg.HbmBinder  - Mapping class: com.agentDetails.AgentDetailForm -> agent_details
10525 [http-8181-1] INFO  org.hibernate.cfg.HbmBinder  - Mapping class: com.agentamount.AgentAmountForm -> agent_amount
10529 [http-8181-1] INFO  org.hibernate.cfg.HbmBinder  - Mapping class: com.agentDetails.AgentLoginForm -> login_details
10532 [http-8181-1] INFO  org.hibernate.cfg.HbmBinder  - Mapping class: com.agentDetails.REPAgentLoginForm -> recharge_e_point_login_info
10536 [http-8181-1] INFO  org.hibernate.cfg.HbmBinder  - Mapping class: com.cityName.CityNameForm -> city_details
10540 [http-8181-1] INFO  org.hibernate.cfg.HbmBinder  - Mapping class: com.agentamount.AgentJournalForm -> agent_journal
10544 [http-8181-1] INFO  org.hibernate.cfg.HbmBinder  - Mapping class: com.disttributordetails.DistributorTransactionDetailForm -> distributor_Transaction_details
10549 [http-8181-1] INFO  org.hibernate.cfg.HbmBinder  - Mapping class: com.agentamount.AgentTransactionDetailsForm -> agent_transaction_details
10555 [http-8181-1] INFO  org.hibernate.cfg.HbmBinder  - Mapping class: com.dsamount.DistributorModeOfPaymentForm -> MD_mode_of_payment
10559 [http-8181-1] INFO  org.hibernate.cfg.HbmBinder  - Mapping class: com.dsamount.DistributorJournalForm -> distributor_journal
10566 [http-8181-1] INFO  org.hibernate.cfg.HbmBinder  - Mapping class: com.disttributordetails.REPDistributorLoginform -> rep_distributor_login_details
10570 [http-8181-1] INFO  org.hibernate.cfg.HbmBinder  - Mapping class: com.commisionForm.LiveRechargeCommsionForm -> live_recharge_comm
10577 [http-8181-1] INFO  org.hibernate.cfg.HbmBinder  - Mapping class: com.commisionForm.AgentCommisionForm -> agent_commission
10582 [http-8181-1] INFO  org.hibernate.cfg.HbmBinder  - Mapping class: com.mdsdetail.MdLoginDetailsForm -> md_login_details
10585 [http-8181-1] INFO  org.hibernate.cfg.Configuration  - Configured SessionFactory: null
10707 [http-8181-1] INFO  org.hibernate.connection.DriverManagerConnectionProvider  - Using Hibernate built-in connection pool (not for production use!)
10707 [http-8181-1] INFO  org.hibernate.connection.DriverManagerConnectionProvider  - Hibernate connection pool size: 10
10708 [http-8181-1] INFO  org.hibernate.connection.DriverManagerConnectionProvider  - autocommit mode: false
10774 [http-8181-1] INFO  org.hibernate.connection.DriverManagerConnectionProvider  - using driver: com.microsoft.sqlserver.jdbc.SQLServerDriver at URL: jdbc:sqlserver://173.193.101.7:1433;databasename=Travelepoint_bk_8_Dec_11
10774 [http-8181-1] INFO  org.hibernate.connection.DriverManagerConnectionProvider  - connection properties: {user=sa, password=****}
14293 [http-8181-1] INFO  org.hibernate.cfg.SettingsFactory  - RDBMS: Microsoft SQL Server, version: 10.50.1600
14294 [http-8181-1] INFO  org.hibernate.cfg.SettingsFactory  - JDBC driver: Microsoft SQL Server JDBC Driver 3.0, version: 3.0.1301.101
14355 [http-8181-1] INFO  org.hibernate.dialect.Dialect  - Using dialect: org.hibernate.dialect.SQLServerDialect
14372 [http-8181-1] INFO  org.hibernate.transaction.TransactionFactoryFactory  - Using default transaction strategy (direct JDBC transactions)
14377 [http-8181-1] INFO  org.hibernate.transaction.TransactionManagerLookupFactory  - No TransactionManagerLookup configured (in JTA environment, use of read-write or transactional second-level cache is not recommended)
14377 [http-8181-1] INFO  org.hibernate.cfg.SettingsFactory  - Automatic flush during beforeCompletion(): disabled
14377 [http-8181-1] INFO  org.hibernate.cfg.SettingsFactory  - Automatic session close at end of transaction: disabled
14379 [http-8181-1] INFO  org.hibernate.cfg.SettingsFactory  - Scrollable result sets: enabled
14379 [http-8181-1] INFO  org.hibernate.cfg.SettingsFactory  - JDBC3 getGeneratedKeys(): enabled
14379 [http-8181-1] INFO  org.hibernate.cfg.SettingsFactory  - Connection release mode: auto
14380 [http-8181-1] INFO  org.hibernate.cfg.SettingsFactory  - Default batch fetch size: 1
14380 [http-8181-1] INFO  org.hibernate.cfg.SettingsFactory  - Generate SQL with comments: disabled
14380 [http-8181-1] INFO  org.hibernate.cfg.SettingsFactory  - Order SQL updates by primary key: disabled
14380 [http-8181-1] INFO  org.hibernate.cfg.SettingsFactory  - Order SQL inserts for batching: disabled
14380 [http-8181-1] INFO  org.hibernate.cfg.SettingsFactory  - Query translator: org.hibernate.hql.ast.ASTQueryTranslatorFactory
14389 [http-8181-1] INFO  org.hibernate.hql.ast.ASTQueryTranslatorFactory  - Using ASTQueryTranslatorFactory
14390 [http-8181-1] INFO  org.hibernate.cfg.SettingsFactory  - Query language substitutions: {}
14390 [http-8181-1] INFO  org.hibernate.cfg.SettingsFactory  - JPA-QL strict compliance: disabled
14390 [http-8181-1] INFO  org.hibernate.cfg.SettingsFactory  - Second-level cache: enabled
14390 [http-8181-1] INFO  org.hibernate.cfg.SettingsFactory  - Query cache: disabled
14390 [http-8181-1] INFO  org.hibernate.cfg.SettingsFactory  - Cache region factory : org.hibernate.cache.impl.NoCachingRegionFactory
14390 [http-8181-1] INFO  org.hibernate.cfg.SettingsFactory  - Optimize cache for minimal puts: disabled
14390 [http-8181-1] INFO  org.hibernate.cfg.SettingsFactory  - Structured second-level cache entries: disabled
14401 [http-8181-1] INFO  org.hibernate.cfg.SettingsFactory  - Echoing all SQL to stdout
14403 [http-8181-1] INFO  org.hibernate.cfg.SettingsFactory  - Statistics: disabled
14403 [http-8181-1] INFO  org.hibernate.cfg.SettingsFactory  - Deleted entity synthetic identifier rollback: disabled
14403 [http-8181-1] INFO  org.hibernate.cfg.SettingsFactory  - Default entity-mode: pojo
14403 [http-8181-1] INFO  org.hibernate.cfg.SettingsFactory  - Named query checking : enabled
14515 [http-8181-1] INFO  org.hibernate.impl.SessionFactoryImpl  - building session factory
15418 [http-8181-1] INFO  org.hibernate.impl.SessionFactoryObjectFactory  - Not binding factory to JNDI, no JNDI name configured
17056 [http-8181-1] ERROR com.opensymphony.xwork2.interceptor.ParametersInterceptor  - ParametersInterceptor - [setParameters]: Unexpected Exception catched: Error setting expression 'param' with value '[Ljava.lang.String;@61a7e6'
