[2021-01-03T16:45:17.017Z] [org.hibernate.validator.internal.util.Version] [background-preinit] [21] [INFO ] HV000001: Hibernate Validator 6.0.16.Final
[2021-01-03T16:45:17.017Z] [org.springframework.boot.StartupInfoLogger] [restartedMain] [55] [INFO ] Starting BankResponseHandlerApplication on LAPTOP-M2GQT8OG with PID 7740 (E:\SSZPL WorkSpace\MSmartICICIController\target\classes started by lenovo in E:\SSZPL WorkSpace\MSmartICICIController)
[2021-01-03T16:45:17.017Z] [org.springframework.boot.SpringApplication] [restartedMain] [655] [INFO ] The following profiles are active: prod
[2021-01-03T16:45:17.017Z] [org.springframework.boot.logging.DeferredLog] [restartedMain] [225] [INFO ] Devtools property defaults active! Set 'spring.devtools.add-properties' to 'false' to disable
[2021-01-03T16:45:17.017Z] [org.springframework.boot.logging.DeferredLog] [restartedMain] [225] [INFO ] For additional web related logging consider setting the 'logging.level.web' property to 'DEBUG'
[2021-01-03T16:45:18.018Z] [org.springframework.data.repository.config.RepositoryConfigurationDelegate] [restartedMain] [127] [INFO ] Bootstrapping Spring Data JPA repositories in DEFERRED mode.
[2021-01-03T16:45:18.018Z] [org.springframework.data.repository.config.RepositoryConfigurationDelegate] [restartedMain] [187] [INFO ] Finished Spring Data repository scanning in 16ms. Found 0 JPA repository interfaces.
[2021-01-03T16:45:19.019Z] [org.springframework.boot.web.embedded.tomcat.TomcatWebServer] [restartedMain] [108] [INFO ] Tomcat initialized with port(s): 8082 (http)
[2021-01-03T16:45:19.019Z] [org.apache.juli.logging.DirectJDKLog] [restartedMain] [173] [INFO ] Initializing ProtocolHandler ["http-nio-8082"]
[2021-01-03T16:45:19.019Z] [org.apache.juli.logging.DirectJDKLog] [restartedMain] [173] [INFO ] Starting service [Tomcat]
[2021-01-03T16:45:19.019Z] [org.apache.juli.logging.DirectJDKLog] [restartedMain] [173] [INFO ] Starting Servlet engine: [Apache Tomcat/9.0.38]
[2021-01-03T16:45:19.019Z] [org.apache.juli.logging.DirectJDKLog] [restartedMain] [173] [INFO ] Initializing Spring embedded WebApplicationContext
[2021-01-03T16:45:19.019Z] [org.springframework.boot.web.servlet.context.ServletWebServerApplicationContext] [restartedMain] [285] [INFO ] Root WebApplicationContext: initialization completed in 1234 ms
[2021-01-03T16:45:19.019Z] [org.springframework.boot.autoconfigure.orm.jpa.JpaBaseConfiguration$JpaWebConfiguration] [restartedMain] [220] [WARN ] spring.jpa.open-in-view is enabled by default. Therefore, database queries may be performed during view rendering. Explicitly configure spring.jpa.open-in-view to disable this warning
[2021-01-03T16:45:19.019Z] [org.hibernate.Version] [restartedMain] [44] [INFO ] HHH000412: Hibernate ORM core version 5.4.21.Final
[2021-01-03T16:45:19.019Z] [org.hibernate.annotations.common.reflection.java.JavaReflectionManager] [restartedMain] [49] [INFO ] HCANN000001: Hibernate Commons Annotations {5.1.0.Final}
[2021-01-03T16:45:19.019Z] [org.hibernate.dialect.Dialect] [restartedMain] [170] [INFO ] HHH000400: Using dialect: org.hibernate.dialect.SQLServerDialect
[2021-01-03T16:45:20.020Z] [org.hibernate.engine.transaction.jta.platform.internal.JtaPlatformInitiator] [restartedMain] [52] [INFO ] HHH000490: Using JtaPlatform implementation: [org.hibernate.engine.transaction.jta.platform.internal.NoJtaPlatform]
[2021-01-03T16:45:20.020Z] [org.springframework.scheduling.concurrent.ExecutorConfigurationSupport] [restartedMain] [181] [INFO ] Initializing ExecutorService 'applicationTaskExecutor'
[2021-01-03T16:45:20.020Z] [org.springframework.boot.devtools.autoconfigure.OptionalLiveReloadServer] [restartedMain] [58] [INFO ] LiveReload server is running on port 35729
[2021-01-03T16:45:20.020Z] [org.apache.juli.logging.DirectJDKLog] [restartedMain] [173] [INFO ] Starting ProtocolHandler ["http-nio-8082"]
[2021-01-03T16:45:20.020Z] [org.springframework.boot.web.embedded.tomcat.TomcatWebServer] [restartedMain] [220] [INFO ] Tomcat started on port(s): 8082 (http) with context path ''
[2021-01-03T16:45:20.020Z] [springfox.documentation.spring.web.plugins.DocumentationPluginsBootstrapper] [restartedMain] [120] [INFO ] Context refreshed
[2021-01-03T16:45:20.020Z] [springfox.documentation.spring.web.plugins.DocumentationPluginsBootstrapper] [restartedMain] [123] [INFO ] Found 1 custom documentation plugin(s)
[2021-01-03T16:45:20.020Z] [springfox.documentation.spring.web.scanners.ApiListingReferenceScanner] [restartedMain] [41] [INFO ] Scanning for api listing references
[2021-01-03T16:45:20.020Z] [org.springframework.data.repository.config.DeferredRepositoryInitializationListener] [restartedMain] [49] [INFO ] Triggering deferred initialization of Spring Data repositories…
[2021-01-03T16:45:20.020Z] [org.springframework.data.repository.config.DeferredRepositoryInitializationListener] [restartedMain] [53] [INFO ] Spring Data repositories initialized!
[2021-01-03T16:45:20.020Z] [org.springframework.boot.StartupInfoLogger] [restartedMain] [61] [INFO ] Started BankResponseHandlerApplication in 3.16 seconds (JVM running for 4.033)
[2021-01-03T16:45:36.036Z] [org.apache.juli.logging.DirectJDKLog] [http-nio-8082-exec-1] [173] [INFO ] Initializing Spring DispatcherServlet 'dispatcherServlet'
[2021-01-03T16:45:36.036Z] [org.springframework.web.servlet.FrameworkServlet] [http-nio-8082-exec-1] [525] [INFO ] Initializing Servlet 'dispatcherServlet'
[2021-01-03T16:45:36.036Z] [org.springframework.web.servlet.FrameworkServlet] [http-nio-8082-exec-1] [547] [INFO ] Completed initialization in 5 ms
[2021-01-03T16:45:37.037Z] [in.softsolutionzone.interceptor.GlobalInterceptor] [http-nio-8082-exec-1] [26] [INFO ] GlobalInterceptor class in preHandle method:::
[2021-01-03T16:45:37.037Z] [in.softsolutionzone.util.ICICIEncryption] [http-nio-8082-exec-1] [135] [INFO ] encryptedKey :oiV8921xH+eiiu9aaIC+bHX8UBNaC4M7h6IjYtzH2wXbxH7Plp0ibF6VZ7R/b/fTDspp/KW3dbxduEK/Oir2JpaAt5xrK10WgS/CsKDMjvHSRZ4d1f/0j6/vgzJP82bEMXe21fimYHtx4rtVIQ1Sr8xnGBDJ7ALix3TFbWQcJkG8fn5spJvMrdmvVLP+nej1pAgc2N2vm+UDdqOWBJb9hLiKufX0YFS9weQCG6WN1jQ5eqzLuiCgckYcV/ood+FA+sZt17PeeyDMx1qvBi7tzSOS+SM4IRMlD6k9a9v67QV9ZyJLv5WIBG6FUOVIsXPdGaKpZEu9n93TitdfM/hVIln7uN2eLdbcueDqrSmU6AH5OocwO4q4bg5r9nU0DdSedrehLpfosQ/cC5MmxT1YlPiPk5xtNgzABvHkelRI874nWMnOPHUPK0w8SwrbLBcaxc9+B4g6tPy7tlatjkQJbq0FzEMfwgoB71GYrkLe7SInS9RgBCzhwoC0HkELF19kuKP3305oOzuz2g8qAz40jdE5lXVlMskIt3i4RycQbchXhNPivSICPqmVU12N2FBCf6V3Dw5kXiFj5kUWgUtxEa93nHKtsTy49PP37PDY0T0Hy1QZ2pUVOD+VWsWFXTDKRQP4grqJbBhmUWYd+VrpjN7rURKHWkBsqH7cfP23rcQ=
[2021-01-03T16:45:37.037Z] [in.softsolutionzone.util.ICICIEncryption] [http-nio-8082-exec-1] [136] [INFO ] encryptedData :iSA/vvyiFWPXVNZiWI64/dMMgJ3YTEhVjhdghyKFjWDt+rYB1b4kUPm5f1+hWIS4WwbtWiK2a/LFv+QxNJyRfekXwuw2KXRR4bOUYeYbgboJc/nOLDNKXNQKzWvJW7vVU+T1Sfwz8zb2uB5P8up2In2P1Ck+0z6Uej9/WYKfSfv1KfSphGyXxBdYEwOlpBBHzeyVoR/iqAZk4YeWblYz7njcvhJhCOM6hm074eW5vfbYZVfuVQjoKbwYhk7zZzc98hkR3uWLdzZgIVMbPjOKV2+0gRf82D4vjW99OkH6QqDnpm1PJ+hV9FstoitQ6NRubG8+Z6ylhsE3XvCtCpU5pgIdZqT2mjxYD7dGmgt60SYRSh/44XoIGSXYTanjSt0SA5yuy/gelSGmmbrZtn3tVy0Ix2F+M2xMdaDFrPslmJIh6X8LeJfVjfWJtcFgvWKJ3ULTaUAoWIy1VFXWfM+CKTDlToWw58qYCwSVKiQNM8yg/EqhGrsz+0+GrofM6yBXiq0ar1FUtyQAq8wOkFf1KGdGsvyIpnG8fJzENoCZGTU=
[2021-01-03T16:45:37.037Z] [in.softsolutionzone.util.ICICIEncryption] [http-nio-8082-exec-1] [145] [ERROR] Exception 
javax.crypto.BadPaddingException: Decryption error
	at sun.security.rsa.RSAPadding.unpadV15(RSAPadding.java:383)
	at sun.security.rsa.RSAPadding.unpad(RSAPadding.java:294)
	at com.sun.crypto.provider.RSACipher.doFinal(RSACipher.java:363)
	at com.sun.crypto.provider.RSACipher.engineDoFinal(RSACipher.java:389)
	at javax.crypto.Cipher.doFinal(Cipher.java:2164)
	at in.softsolutionzone.util.ICICIEncryption.decrypt(ICICIEncryption.java:47)
	at in.softsolutionzone.util.ICICIEncryption.doubleDecryption(ICICIEncryption.java:138)
	at in.softsolutionzone.services.impl.ECollectionServicesImpl.ecollectionRequest(ECollectionServicesImpl.java:31)
	at in.softsolutionzone.controllers.ICICICollectionRequestHandler.validateUser(ICICICollectionRequestHandler.java:40)
	at sun.reflect.NativeMethodAccessorImpl.invoke0(Native Method)
	at sun.reflect.NativeMethodAccessorImpl.invoke(NativeMethodAccessorImpl.java:62)
	at sun.reflect.DelegatingMethodAccessorImpl.invoke(DelegatingMethodAccessorImpl.java:43)
	at java.lang.reflect.Method.invoke(Method.java:498)
	at org.springframework.web.method.support.InvocableHandlerMethod.doInvoke(InvocableHandlerMethod.java:190)
	at org.springframework.web.method.support.InvocableHandlerMethod.invokeForRequest(InvocableHandlerMethod.java:138)
	at org.springframework.web.servlet.mvc.method.annotation.ServletInvocableHandlerMethod.invokeAndHandle(ServletInvocableHandlerMethod.java:105)
	at org.springframework.web.servlet.mvc.method.annotation.RequestMappingHandlerAdapter.invokeHandlerMethod(RequestMappingHandlerAdapter.java:878)
	at org.springframework.web.servlet.mvc.method.annotation.RequestMappingHandlerAdapter.handleInternal(RequestMappingHandlerAdapter.java:792)
	at org.springframework.web.servlet.mvc.method.AbstractHandlerMethodAdapter.handle(AbstractHandlerMethodAdapter.java:87)
	at org.springframework.web.servlet.DispatcherServlet.doDispatch(DispatcherServlet.java:1040)
	at org.springframework.web.servlet.DispatcherServlet.doService(DispatcherServlet.java:943)
	at org.springframework.web.servlet.FrameworkServlet.processRequest(FrameworkServlet.java:1006)
	at org.springframework.web.servlet.FrameworkServlet.doPost(FrameworkServlet.java:909)
	at javax.servlet.http.HttpServlet.service(HttpServlet.java:652)
	at org.springframework.web.servlet.FrameworkServlet.service(FrameworkServlet.java:883)
	at javax.servlet.http.HttpServlet.service(HttpServlet.java:733)
	at org.apache.catalina.core.ApplicationFilterChain.internalDoFilter(ApplicationFilterChain.java:231)
	at org.apache.catalina.core.ApplicationFilterChain.doFilter(ApplicationFilterChain.java:166)
	at org.apache.tomcat.websocket.server.WsFilter.doFilter(WsFilter.java:53)
	at org.apache.catalina.core.ApplicationFilterChain.internalDoFilter(ApplicationFilterChain.java:193)
	at org.apache.catalina.core.ApplicationFilterChain.doFilter(ApplicationFilterChain.java:166)
	at org.springframework.web.filter.RequestContextFilter.doFilterInternal(RequestContextFilter.java:100)
	at org.springframework.web.filter.OncePerRequestFilter.doFilter(OncePerRequestFilter.java:119)
	at org.apache.catalina.core.ApplicationFilterChain.internalDoFilter(ApplicationFilterChain.java:193)
	at org.apache.catalina.core.ApplicationFilterChain.doFilter(ApplicationFilterChain.java:166)
	at org.springframework.web.filter.FormContentFilter.doFilterInternal(FormContentFilter.java:93)
	at org.springframework.web.filter.OncePerRequestFilter.doFilter(OncePerRequestFilter.java:119)
	at org.apache.catalina.core.ApplicationFilterChain.internalDoFilter(ApplicationFilterChain.java:193)
	at org.apache.catalina.core.ApplicationFilterChain.doFilter(ApplicationFilterChain.java:166)
	at org.springframework.web.filter.CharacterEncodingFilter.doFilterInternal(CharacterEncodingFilter.java:201)
	at org.springframework.web.filter.OncePerRequestFilter.doFilter(OncePerRequestFilter.java:119)
	at org.apache.catalina.core.ApplicationFilterChain.internalDoFilter(ApplicationFilterChain.java:193)
	at org.apache.catalina.core.ApplicationFilterChain.doFilter(ApplicationFilterChain.java:166)
	at org.apache.catalina.core.StandardWrapperValve.invoke(StandardWrapperValve.java:202)
	at org.apache.catalina.core.StandardContextValve.invoke(StandardContextValve.java:97)
	at org.apache.catalina.authenticator.AuthenticatorBase.invoke(AuthenticatorBase.java:541)
	at org.apache.catalina.core.StandardHostValve.invoke(StandardHostValve.java:143)
	at org.apache.catalina.valves.ErrorReportValve.invoke(ErrorReportValve.java:92)
	at org.apache.catalina.core.StandardEngineValve.invoke(StandardEngineValve.java:78)
	at org.apache.catalina.connector.CoyoteAdapter.service(CoyoteAdapter.java:343)
	at org.apache.coyote.http11.Http11Processor.service(Http11Processor.java:374)
	at org.apache.coyote.AbstractProcessorLight.process(AbstractProcessorLight.java:65)
	at org.apache.coyote.AbstractProtocol$ConnectionHandler.process(AbstractProtocol.java:868)
	at org.apache.tomcat.util.net.NioEndpoint$SocketProcessor.doRun(NioEndpoint.java:1590)
	at org.apache.tomcat.util.net.SocketProcessorBase.run(SocketProcessorBase.java:49)
	at java.util.concurrent.ThreadPoolExecutor.runWorker(ThreadPoolExecutor.java:1149)
	at java.util.concurrent.ThreadPoolExecutor$Worker.run(ThreadPoolExecutor.java:624)
	at org.apache.tomcat.util.threads.TaskThread$WrappingRunnable.run(TaskThread.java:61)
	at java.lang.Thread.run(Thread.java:748)
[2021-01-03T16:45:37.037Z] [in.softsolutionzone.services.impl.ECollectionServicesImpl] [http-nio-8082-exec-1] [65] [ERROR] Exception
[2021-01-03T16:46:49.049Z] [org.springframework.boot.admin.SpringApplicationAdminMXBeanRegistrar$SpringApplicationAdmin] [RMI TCP Connection(2)-127.0.0.1] [159] [INFO ] Application shutdown requested.
[2021-01-03T16:46:49.049Z] [org.springframework.scheduling.concurrent.ExecutorConfigurationSupport] [RMI TCP Connection(2)-127.0.0.1] [218] [INFO ] Shutting down ExecutorService 'applicationTaskExecutor'
